  main.cpp
d:\c++\lemonade stand\lemonade stand\balancing.h(15): warning C4305: 'initializing': truncation from 'double' to 'float'
d:\c++\lemonade stand\lemonade stand\balancing.h(16): warning C4305: 'initializing': truncation from 'double' to 'float'
d:\c++\lemonade stand\lemonade stand\balancing.h(25): warning C4244: 'initializing': conversion from 'double' to 'int', possible loss of data
d:\c++\lemonade stand\lemonade stand\main.cpp(129): warning C4244: 'argument': conversion from 'int' to 'float', possible loss of data
d:\c++\lemonade stand\lemonade stand\main.cpp(135): warning C4244: 'argument': conversion from 'int' to 'float', possible loss of data
d:\c++\lemonade stand\lemonade stand\main.cpp(152): warning C4305: 'argument': truncation from 'double' to 'float'
d:\c++\lemonade stand\lemonade stand\main.cpp(167): warning C4305: 'argument': truncation from 'double' to 'float'
d:\c++\lemonade stand\lemonade stand\main.cpp(174): warning C4305: 'argument': truncation from 'double' to 'float'
d:\c++\lemonade stand\lemonade stand\main.cpp(181): warning C4305: 'argument': truncation from 'double' to 'float'
d:\c++\lemonade stand\lemonade stand\main.cpp(186): warning C4305: 'argument': truncation from 'double' to 'float'
d:\c++\lemonade stand\lemonade stand\main.cpp(192): warning C4244: 'argument': conversion from 'int' to 'float', possible loss of data
d:\c++\lemonade stand\lemonade stand\main.cpp(193): warning C4305: 'argument': truncation from 'double' to 'float'
d:\c++\lemonade stand\lemonade stand\main.cpp(199): warning C4244: 'argument': conversion from 'int' to 'float', possible loss of data
d:\c++\lemonade stand\lemonade stand\main.cpp(200): warning C4305: 'argument': truncation from 'double' to 'float'
d:\c++\lemonade stand\lemonade stand\main.cpp(204): warning C4244: 'argument': conversion from 'int' to 'float', possible loss of data
d:\c++\lemonade stand\lemonade stand\main.cpp(211): warning C4305: 'argument': truncation from 'double' to 'float'
d:\c++\lemonade stand\lemonade stand\main.cpp(240): warning C4244: '=': conversion from 'float' to 'int', possible loss of data
d:\c++\lemonade stand\lemonade stand\main.cpp(259): warning C4244: '+=': conversion from 'float' to 'int', possible loss of data
d:\c++\lemonade stand\lemonade stand\main.cpp(350): warning C4305: 'argument': truncation from 'double' to 'float'
d:\c++\lemonade stand\lemonade stand\main.cpp(371): warning C4244: 'argument': conversion from 'int' to 'float', possible loss of data
d:\c++\lemonade stand\lemonade stand\main.cpp(376): warning C4244: 'argument': conversion from 'int' to 'float', possible loss of data
d:\c++\lemonade stand\lemonade stand\main.cpp(384): warning C4244: '=': conversion from 'float' to 'int', possible loss of data
  Lemonade Stand.vcxproj -> D:\C++\Lemonade Stand\x64\Debug\Lemonade Stand.exe
